# JRE version: Java(TM) SE Runtime Environment (17.0.11+7) (build 17.0.11+7-LTS-207)
# Java VM: Java HotSpot(TM) 64-Bit Server VM (17.0.11+7-LTS-207, mixed mode, sharing, tiered, compressed oops, compressed class ptrs, g1 gc, windows-amd64)
GC Precious Log:
 CPUs: 8 total, 8 available
 Memory: 16222M
 Large Page Support: Disabled
 NUMA Support: Disabled
 Compressed Oops: Enabled (32-bit)
 Heap Region Size: 1M
 Heap Min Capacity: 256M
 Heap Initial Capacity: 256M
 Heap Max Capacity: 512M
 Pre-touch: Disabled
 Parallel Workers: 8
 Concurrent Workers: 2
 Concurrent Refinement Workers: 8
 Periodic GC: Disabled
Heap:
 garbage-first heap   total 337920K, used 260268K [0x00000000e0000000, 0x0000000100000000)
  region size 1024K, 17 young (17408K), 7 survivors (7168K)
 Metaspace       used 102051K, committed 102976K, reserved 458752K
  class space    used 13453K, committed 13888K, reserved 327680K
GC Heap History (20 events):
Event: 1817.732 GC heap before
{Heap before GC invocations=47 (full 0):
 garbage-first heap   total 337920K, used 288216K [0x00000000e0000000, 0x0000000100000000)
  region size 1024K, 68 young (69632K), 6 survivors (6144K)
 Metaspace       used 101002K, committed 101952K, reserved 458752K
  class space    used 13346K, committed 13824K, reserved 327680K
}
Event: 1817.737 GC heap after
{Heap after GC invocations=48 (full 0):
 garbage-first heap   total 337920K, used 227177K [0x00000000e0000000, 0x0000000100000000)
  region size 1024K, 6 young (6144K), 6 survivors (6144K)
 Metaspace       used 101002K, committed 101952K, reserved 458752K
  class space    used 13346K, committed 13824K, reserved 327680K
}
Event: 1817.841 GC heap before
{Heap before GC invocations=48 (full 0):
 garbage-first heap   total 337920K, used 290665K [0x00000000e0000000, 0x0000000100000000)
  region size 1024K, 68 young (69632K), 6 survivors (6144K)
 Metaspace       used 101020K, committed 101952K, reserved 458752K
  class space    used 13346K, committed 13824K, reserved 327680K
}
Event: 1817.846 GC heap after
{Heap after GC invocations=49 (full 0):
 garbage-first heap   total 337920K, used 228849K [0x00000000e0000000, 0x0000000100000000)
  region size 1024K, 5 young (5120K), 5 survivors (5120K)
 Metaspace       used 101020K, committed 101952K, reserved 458752K
  class space    used 13346K, committed 13824K, reserved 327680K
}
Event: 1817.981 GC heap before
{Heap before GC invocations=49 (full 0):
 garbage-first heap   total 337920K, used 291313K [0x00000000e0000000, 0x0000000100000000)
  region size 1024K, 66 young (67584K), 5 survivors (5120K)
 Metaspace       used 101035K, committed 101952K, reserved 458752K
  class space    used 13346K, committed 13824K, reserved 327680K
}
Event: 1817.987 GC heap after
{Heap after GC invocations=50 (full 0):
 garbage-first heap   total 337920K, used 230358K [0x00000000e0000000, 0x0000000100000000)
  region size 1024K, 6 young (6144K), 6 survivors (6144K)
 Metaspace       used 101035K, committed 101952K, reserved 458752K
  class space    used 13346K, committed 13824K, reserved 327680K
}
Event: 1818.102 GC heap before
{Heap before GC invocations=50 (full 0):
 garbage-first heap   total 337920K, used 291798K [0x00000000e0000000, 0x0000000100000000)
  region size 1024K, 66 young (67584K), 6 survivors (6144K)
 Metaspace       used 101045K, committed 102016K, reserved 458752K
  class space    used 13346K, committed 13824K, reserved 327680K
}
Event: 1818.108 GC heap after
{Heap after GC invocations=51 (full 0):
 garbage-first heap   total 337920K, used 230915K [0x00000000e0000000, 0x0000000100000000)
  region size 1024K, 5 young (5120K), 5 survivors (5120K)
 Metaspace       used 101045K, committed 102016K, reserved 458752K
  class space    used 13346K, committed 13824K, reserved 327680K
}
Event: 1818.221 GC heap before
{Heap before GC invocations=51 (full 0):
 garbage-first heap   total 337920K, used 291331K [0x00000000e0000000, 0x0000000100000000)
  region size 1024K, 64 young (65536K), 5 survivors (5120K)
 Metaspace       used 101047K, committed 102016K, reserved 458752K
  class space    used 13346K, committed 13824K, reserved 327680K
}
Event: 1818.225 GC heap after
{Heap after GC invocations=52 (full 0):
 garbage-first heap   total 337920K, used 229354K [0x00000000e0000000, 0x0000000100000000)
  region size 1024K, 3 young (3072K), 3 survivors (3072K)
 Metaspace       used 101047K, committed 102016K, reserved 458752K
  class space    used 13346K, committed 13824K, reserved 327680K
}
Event: 1818.341 GC heap before
{Heap before GC invocations=52 (full 0):
 garbage-first heap   total 337920K, used 291818K [0x00000000e0000000, 0x0000000100000000)
  region size 1024K, 64 young (65536K), 3 survivors (3072K)
 Metaspace       used 101049K, committed 102016K, reserved 458752K
  class space    used 13346K, committed 13824K, reserved 327680K
}
Event: 1818.348 GC heap after
{Heap after GC invocations=53 (full 0):
 garbage-first heap   total 337920K, used 231007K [0x00000000e0000000, 0x0000000100000000)
  region size 1024K, 5 young (5120K), 5 survivors (5120K)
 Metaspace       used 101049K, committed 102016K, reserved 458752K
  class space    used 13346K, committed 13824K, reserved 327680K
}
Event: 1818.787 GC heap before
{Heap before GC invocations=53 (full 0):
 garbage-first heap   total 337920K, used 291423K [0x00000000e0000000, 0x0000000100000000)
  region size 1024K, 64 young (65536K), 5 survivors (5120K)
 Metaspace       used 101207K, committed 102208K, reserved 458752K
  class space    used 13355K, committed 13824K, reserved 327680K
}
Event: 1818.792 GC heap after
{Heap after GC invocations=54 (full 0):
 garbage-first heap   total 337920K, used 232429K [0x00000000e0000000, 0x0000000100000000)
  region size 1024K, 6 young (6144K), 6 survivors (6144K)
 Metaspace       used 101207K, committed 102208K, reserved 458752K
  class space    used 13355K, committed 13824K, reserved 327680K
}
Event: 1819.262 GC heap before
{Heap before GC invocations=54 (full 0):
 garbage-first heap   total 337920K, used 291821K [0x00000000e0000000, 0x0000000100000000)
  region size 1024K, 65 young (66560K), 6 survivors (6144K)
 Metaspace       used 101603K, committed 102528K, reserved 458752K
  class space    used 13397K, committed 13824K, reserved 327680K
}
Event: 1819.268 GC heap after
{Heap after GC invocations=55 (full 0):
 garbage-first heap   total 337920K, used 235982K [0x00000000e0000000, 0x0000000100000000)
  region size 1024K, 6 young (6144K), 6 survivors (6144K)
 Metaspace       used 101603K, committed 102528K, reserved 458752K
  class space    used 13397K, committed 13824K, reserved 327680K
}
Event: 1819.408 GC heap before
{Heap before GC invocations=55 (full 0):
 garbage-first heap   total 337920K, used 291278K [0x00000000e0000000, 0x0000000100000000)
  region size 1024K, 61 young (62464K), 6 survivors (6144K)
 Metaspace       used 101704K, committed 102656K, reserved 458752K
  class space    used 13409K, committed 13824K, reserved 327680K
}
Event: 1819.419 GC heap after
{Heap after GC invocations=56 (full 0):
 garbage-first heap   total 337920K, used 244368K [0x00000000e0000000, 0x0000000100000000)
  region size 1024K, 8 young (8192K), 8 survivors (8192K)
 Metaspace       used 101704K, committed 102656K, reserved 458752K
  class space    used 13409K, committed 13824K, reserved 327680K
}
Event: 1831.457 GC heap before
{Heap before GC invocations=56 (full 0):
 garbage-first heap   total 337920K, used 290448K [0x00000000e0000000, 0x0000000100000000)
  region size 1024K, 53 young (54272K), 8 survivors (8192K)
 Metaspace       used 102045K, committed 102976K, reserved 458752K
  class space    used 13453K, committed 13888K, reserved 327680K
}
Event: 1831.466 GC heap after
{Heap after GC invocations=57 (full 0):
 garbage-first heap   total 337920K, used 251052K [0x00000000e0000000, 0x0000000100000000)
  region size 1024K, 7 young (7168K), 7 survivors (7168K)
 Metaspace       used 102045K, committed 102976K, reserved 458752K
  class space    used 13453K, committed 13888K, reserved 327680K
}

